1552156279822	mozrunner::runner	INFO	Running command: "/usr/bin/firefox" "-marionette" "-foreground" "-no-remote" "-profile" "/tmp/rust_mozprofile.Mhc2bv92btcv"

(firefox:16299): Gtk-WARNING **: 21:31:33.846: Theme parsing error: <data>:1:34: Expected ')' in color definition

(firefox:16299): Gtk-WARNING **: 21:31:33.846: Theme parsing error: <data>:1:78: Expected ')' in color definition
1552156317230	Marionette	INFO	Listening on port 33543
1552156327372	Marionette	WARN	TLS certificate errors will be ignored for this session
1552156351689	Marionette	INFO	Stopped listening on port 33543
JavaScript error: resource://gre/modules/Sqlite.jsm, line 841: Error: Connection is not open.
1552157429451	mozrunner::runner	INFO	Running command: "/usr/bin/firefox" "-marionette" "-foreground" "-no-remote" "-profile" "/tmp/rust_mozprofile.lCfSlyGUW4Jg"

(firefox:17358): Gtk-WARNING **: 21:50:43.040: Theme parsing error: <data>:1:34: Expected ')' in color definition

(firefox:17358): Gtk-WARNING **: 21:50:43.040: Theme parsing error: <data>:1:78: Expected ')' in color definition
1552157453578	Marionette	INFO	Listening on port 39441
1552157453948	Marionette	WARN	TLS certificate errors will be ignored for this session
1552157464695	Marionette	INFO	Stopped listening on port 39441
JavaScript error: resource://activity-stream/lib/ActivityStreamPrefs.jsm, line 29: NS_ERROR_ILLEGAL_VALUE: Component returned failure code: 0x80070057 (NS_ERROR_ILLEGAL_VALUE) [nsIPrefBranch.removeObserver]
JavaScript error: jar:file:///usr/lib/firefox/omni.ja!/components/nsUrlClassifierListManager.js, line 597: TypeError: this.tablesData[table] is undefined
[Parent 17358, Gecko_IOThread] WARNING: pipe error (75): Connection reset by peer: file /build/firefox-w3u9A5/firefox-63.0.3+linuxmint1+tara/ipc/chromium/src/chrome/common/ipc_channel_posix.cc, line 356
[Parent 17358, Gecko_IOThread] WARNING: pipe error (81): Connection reset by peer: file /build/firefox-w3u9A5/firefox-63.0.3+linuxmint1+tara/ipc/chromium/src/chrome/common/ipc_channel_posix.cc, line 356
console.error: PushService: 
  stateChangeProcessEnqueue: Error transitioning state
  AbortError
console.error: PushService: 
  clearOriginData: Error clearing origin data:
  AbortError

###!!! [Parent][DispatchAsyncMessage] Error: PBackgroundIDBFactory::Msg_PBackgroundIDBFactoryRequestConstructor Value error: message was deserialized, but contained an illegal value


###!!! [Parent][DispatchAsyncMessage] Error: PBackgroundIDBFactory::Msg_PBackgroundIDBFactoryRequestConstructor Value error: message was deserialized, but contained an illegal value

1552157555698	mozrunner::runner	INFO	Running command: "/usr/bin/firefox" "-marionette" "-foreground" "-no-remote" "-profile" "/tmp/rust_mozprofile.ZuC9SjozbdYa"

(firefox:17693): Gtk-WARNING **: 21:52:41.242: Theme parsing error: <data>:1:34: Expected ')' in color definition

(firefox:17693): Gtk-WARNING **: 21:52:41.242: Theme parsing error: <data>:1:78: Expected ')' in color definition
1552157570634	Marionette	INFO	Listening on port 46183
1552157570975	Marionette	WARN	TLS certificate errors will be ignored for this session
1552157573747	Marionette	INFO	Stopped listening on port 46183
JavaScript error: resource://activity-stream/lib/ActivityStreamPrefs.jsm, line 29: NS_ERROR_ILLEGAL_VALUE: Component returned failure code: 0x80070057 (NS_ERROR_ILLEGAL_VALUE) [nsIPrefBranch.removeObserver]
[Parent 17693, Gecko_IOThread] WARNING: pipe error (79): Connection reset by peer: file /build/firefox-w3u9A5/firefox-63.0.3+linuxmint1+tara/ipc/chromium/src/chrome/common/ipc_channel_posix.cc, line 356
console.error: PushService: 
  clearOriginData: Error clearing origin data:
  AbortError
console.error: PushService: 
  stateChangeProcessEnqueue: Error transitioning state
  AbortError

###!!! [Parent][DispatchAsyncMessage] Error: PBackgroundIDBFactory::Msg_PBackgroundIDBFactoryRequestConstructor Value error: message was deserialized, but contained an illegal value


###!!! [Parent][DispatchAsyncMessage] Error: PBackgroundIDBFactory::Msg_PBackgroundIDBFactoryRequestConstructor Value error: message was deserialized, but contained an illegal value

1552157585941	mozrunner::runner	INFO	Running command: "/usr/bin/firefox" "-marionette" "-foreground" "-no-remote" "-profile" "/tmp/rust_mozprofile.YhMDIhe2x91X"

(firefox:17964): Gtk-WARNING **: 21:53:09.618: Theme parsing error: <data>:1:34: Expected ')' in color definition

(firefox:17964): Gtk-WARNING **: 21:53:09.619: Theme parsing error: <data>:1:78: Expected ')' in color definition
1552157593070	Marionette	INFO	Listening on port 33439
1552157593100	Marionette	WARN	TLS certificate errors will be ignored for this session
1552157595711	Marionette	INFO	Stopped listening on port 33439
JavaScript error: resource://activity-stream/lib/ActivityStreamPrefs.jsm, line 29: NS_ERROR_ILLEGAL_VALUE: Component returned failure code: 0x80070057 (NS_ERROR_ILLEGAL_VALUE) [nsIPrefBranch.removeObserver]
[Parent 17964, Gecko_IOThread] WARNING: pipe error (76): Connection reset by peer: file /build/firefox-w3u9A5/firefox-63.0.3+linuxmint1+tara/ipc/chromium/src/chrome/common/ipc_channel_posix.cc, line 356
[Parent 17964, Gecko_IOThread] WARNING: pipe error (97): Connection reset by peer: file /build/firefox-w3u9A5/firefox-63.0.3+linuxmint1+tara/ipc/chromium/src/chrome/common/ipc_channel_posix.cc, line 356
JavaScript error: , line 0: AbortError: A request was aborted, for example through a call to IDBTransaction.abort.
JavaScript error: , line 0: AbortError: A request was aborted, for example through a call to IDBTransaction.abort.
console.error: PushService: 
  clearOriginData: Error clearing origin data:
  UnknownError
console.error: PushService: 
  stateChangeProcessEnqueue: Error transitioning state
  UnknownError

###!!! [Parent][DispatchAsyncMessage] Error: PBackgroundIDBFactory::Msg_PBackgroundIDBFactoryRequestConstructor Value error: message was deserialized, but contained an illegal value


###!!! [Parent][DispatchAsyncMessage] Error: PBackgroundIDBFactory::Msg_PBackgroundIDBFactoryRequestConstructor Value error: message was deserialized, but contained an illegal value

1552157615076	mozrunner::runner	INFO	Running command: "/usr/bin/firefox" "-marionette" "-foreground" "-no-remote" "-profile" "/tmp/rust_mozprofile.tQLS0oNAkdju"

(firefox:18203): Gtk-WARNING **: 21:53:36.830: Theme parsing error: <data>:1:34: Expected ')' in color definition

(firefox:18203): Gtk-WARNING **: 21:53:36.831: Theme parsing error: <data>:1:78: Expected ')' in color definition
1552157620050	Marionette	INFO	Listening on port 40641
1552157620102	Marionette	WARN	TLS certificate errors will be ignored for this session
1552157621414	Marionette	INFO	Stopped listening on port 40641
JavaScript error: resource://activity-stream/lib/ActivityStreamPrefs.jsm, line 29: NS_ERROR_ILLEGAL_VALUE: Component returned failure code: 0x80070057 (NS_ERROR_ILLEGAL_VALUE) [nsIPrefBranch.removeObserver]
[Parent 18203, Gecko_IOThread] WARNING: pipe error (92): Connection reset by peer: file /build/firefox-w3u9A5/firefox-63.0.3+linuxmint1+tara/ipc/chromium/src/chrome/common/ipc_channel_posix.cc, line 356
console.error: PushService: 
  clearOriginData: Error clearing origin data:
  UnknownError
console.error: PushService: 
  stateChangeProcessEnqueue: Error transitioning state
  UnknownError

###!!! [Parent][DispatchAsyncMessage] Error: PBackgroundIDBFactory::Msg_PBackgroundIDBFactoryRequestConstructor Value error: message was deserialized, but contained an illegal value


###!!! [Parent][DispatchAsyncMessage] Error: PBackgroundIDBFactory::Msg_PBackgroundIDBFactoryRequestConstructor Value error: message was deserialized, but contained an illegal value

1552157652178	mozrunner::runner	INFO	Running command: "/usr/bin/firefox" "-marionette" "-foreground" "-no-remote" "-profile" "/tmp/rust_mozprofile.WuF6hygpV7fl"

(firefox:18449): Gtk-WARNING **: 21:54:13.805: Theme parsing error: <data>:1:34: Expected ')' in color definition

(firefox:18449): Gtk-WARNING **: 21:54:13.805: Theme parsing error: <data>:1:78: Expected ')' in color definition
1552157657171	Marionette	INFO	Listening on port 46233
1552157657218	Marionette	WARN	TLS certificate errors will be ignored for this session
1552157658294	Marionette	INFO	Stopped listening on port 46233
JavaScript error: resource://activity-stream/lib/ActivityStreamPrefs.jsm, line 29: NS_ERROR_ILLEGAL_VALUE: Component returned failure code: 0x80070057 (NS_ERROR_ILLEGAL_VALUE) [nsIPrefBranch.removeObserver]
[Parent 18449, Gecko_IOThread] WARNING: pipe error (99): Connection reset by peer: file /build/firefox-w3u9A5/firefox-63.0.3+linuxmint1+tara/ipc/chromium/src/chrome/common/ipc_channel_posix.cc, line 356
[Parent 18449, Gecko_IOThread] WARNING: pipe error (68): Connection reset by peer: file /build/firefox-w3u9A5/firefox-63.0.3+linuxmint1+tara/ipc/chromium/src/chrome/common/ipc_channel_posix.cc, line 356
JavaScript error: resource://gre/modules/JSONFile.jsm, line 159: Error: Data is not ready.
console.error: PushService: 
  clearOriginData: Error clearing origin data:
  UnknownError
console.error: PushService: 
  stateChangeProcessEnqueue: Error transitioning state
  UnknownError

###!!! [Parent][DispatchAsyncMessage] Error: PBackgroundIDBFactory::Msg_PBackgroundIDBFactoryRequestConstructor Value error: message was deserialized, but contained an illegal value


###!!! [Parent][DispatchAsyncMessage] Error: PBackgroundIDBFactory::Msg_PBackgroundIDBFactoryRequestConstructor Value error: message was deserialized, but contained an illegal value

1552157862919	mozrunner::runner	INFO	Running command: "/usr/bin/firefox" "-marionette" "-foreground" "-no-remote" "-profile" "/tmp/rust_mozprofile.N6PK3yWptXA4"

(firefox:19469): Gtk-WARNING **: 21:57:47.587: Theme parsing error: <data>:1:34: Expected ')' in color definition

(firefox:19469): Gtk-WARNING **: 21:57:47.587: Theme parsing error: <data>:1:78: Expected ')' in color definition
1552157875276	Marionette	INFO	Listening on port 40693
1552157875357	Marionette	WARN	TLS certificate errors will be ignored for this session
1552157879191	Marionette	INFO	Stopped listening on port 40693
JavaScript error: resource://activity-stream/lib/ActivityStreamPrefs.jsm, line 29: NS_ERROR_ILLEGAL_VALUE: Component returned failure code: 0x80070057 (NS_ERROR_ILLEGAL_VALUE) [nsIPrefBranch.removeObserver]

###!!! [Parent][DispatchAsyncMessage] Error: PBackgroundIDBFactory::Msg_PBackgroundIDBFactoryRequestConstructor Value error: message was deserialized, but contained an illegal value


###!!! [Parent][DispatchAsyncMessage] Error: PBackgroundIDBFactory::Msg_PBackgroundIDBFactoryRequestConstructor Value error: message was deserialized, but contained an illegal value

1552157886919	mozrunner::runner	INFO	Running command: "/usr/bin/firefox" "-marionette" "-foreground" "-no-remote" "-profile" "/tmp/rust_mozprofile.YRYxYbkiC5pq"

(firefox:19752): Gtk-WARNING **: 21:58:10.441: Theme parsing error: <data>:1:34: Expected ')' in color definition

(firefox:19752): Gtk-WARNING **: 21:58:10.441: Theme parsing error: <data>:1:78: Expected ')' in color definition
1552157894294	Marionette	INFO	Listening on port 37111
1552157894523	Marionette	WARN	TLS certificate errors will be ignored for this session
1552157896230	Marionette	INFO	Stopped listening on port 37111
JavaScript error: resource://activity-stream/lib/ActivityStreamPrefs.jsm, line 29: NS_ERROR_ILLEGAL_VALUE: Component returned failure code: 0x80070057 (NS_ERROR_ILLEGAL_VALUE) [nsIPrefBranch.removeObserver]
console.error: PushService: 
  clearOriginData: Error clearing origin data:
  AbortError
console.error: PushService: 
  stateChangeProcessEnqueue: Error transitioning state
  AbortError

###!!! [Parent][DispatchAsyncMessage] Error: PBackgroundIDBFactory::Msg_PBackgroundIDBFactoryRequestConstructor Value error: message was deserialized, but contained an illegal value


###!!! [Parent][DispatchAsyncMessage] Error: PBackgroundIDBFactory::Msg_PBackgroundIDBFactoryRequestConstructor Value error: message was deserialized, but contained an illegal value

1552158027037	mozrunner::runner	INFO	Running command: "/usr/bin/firefox" "-marionette" "-foreground" "-no-remote" "-profile" "/tmp/rust_mozprofile.93ZtuCO6Oobf"

(firefox:20158): Gtk-WARNING **: 22:00:29.839: Theme parsing error: <data>:1:34: Expected ')' in color definition

(firefox:20158): Gtk-WARNING **: 22:00:29.840: Theme parsing error: <data>:1:78: Expected ')' in color definition
1552158033119	Marionette	INFO	Listening on port 43485
1552158033174	Marionette	WARN	TLS certificate errors will be ignored for this session
1552158034392	Marionette	INFO	Stopped listening on port 43485
JavaScript error: resource://activity-stream/lib/ActivityStreamPrefs.jsm, line 29: NS_ERROR_ILLEGAL_VALUE: Component returned failure code: 0x80070057 (NS_ERROR_ILLEGAL_VALUE) [nsIPrefBranch.removeObserver]
[Parent 20158, Gecko_IOThread] WARNING: pipe error (68): Connection reset by peer: file /build/firefox-w3u9A5/firefox-63.0.3+linuxmint1+tara/ipc/chromium/src/chrome/common/ipc_channel_posix.cc, line 356
[Parent 20158, Gecko_IOThread] WARNING: pipe error (95): Connection reset by peer: file /build/firefox-w3u9A5/firefox-63.0.3+linuxmint1+tara/ipc/chromium/src/chrome/common/ipc_channel_posix.cc, line 356
JavaScript error: resource://gre/modules/JSONFile.jsm, line 159: Error: Data is not ready.
console.error: PushService: 
  clearOriginData: Error clearing origin data:
  UnknownError
console.error: PushService: 
  stateChangeProcessEnqueue: Error transitioning state
  UnknownError

###!!! [Parent][DispatchAsyncMessage] Error: PBackgroundIDBFactory::Msg_PBackgroundIDBFactoryRequestConstructor Value error: message was deserialized, but contained an illegal value


###!!! [Parent][DispatchAsyncMessage] Error: PBackgroundIDBFactory::Msg_PBackgroundIDBFactoryRequestConstructor Value error: message was deserialized, but contained an illegal value

1552158086107	mozrunner::runner	INFO	Running command: "/usr/bin/firefox" "-marionette" "-foreground" "-no-remote" "-profile" "/tmp/rust_mozprofile.Pmn5HkS2aRCX"

(firefox:20420): Gtk-WARNING **: 22:01:27.842: Theme parsing error: <data>:1:34: Expected ')' in color definition

(firefox:20420): Gtk-WARNING **: 22:01:27.842: Theme parsing error: <data>:1:78: Expected ')' in color definition
1552158091597	Marionette	INFO	Listening on port 44933
1552158091636	Marionette	WARN	TLS certificate errors will be ignored for this session
1552158092755	Marionette	INFO	Stopped listening on port 44933
JavaScript error: resource://activity-stream/lib/ActivityStreamPrefs.jsm, line 29: NS_ERROR_ILLEGAL_VALUE: Component returned failure code: 0x80070057 (NS_ERROR_ILLEGAL_VALUE) [nsIPrefBranch.removeObserver]
[Parent 20420, Gecko_IOThread] WARNING: pipe error (69): Connection reset by peer: file /build/firefox-w3u9A5/firefox-63.0.3+linuxmint1+tara/ipc/chromium/src/chrome/common/ipc_channel_posix.cc, line 356
JavaScript error: resource://gre/modules/NewTabUtils.jsm, line 634: NS_ERROR_UNEXPECTED: Component returned failure code: 0x8000ffff (NS_ERROR_UNEXPECTED) [nsINavHistoryService.asyncExecuteLegacyQuery]
JavaScript error: resource://gre/modules/JSONFile.jsm, line 159: Error: Data is not ready.
console.error: PushService: 
  clearOriginData: Error clearing origin data:
  UnknownError
console.error: PushService: 
  stateChangeProcessEnqueue: Error transitioning state
  UnknownError

###!!! [Parent][DispatchAsyncMessage] Error: PBackgroundIDBFactory::Msg_PBackgroundIDBFactoryRequestConstructor Value error: message was deserialized, but contained an illegal value


###!!! [Parent][DispatchAsyncMessage] Error: PBackgroundIDBFactory::Msg_PBackgroundIDBFactoryRequestConstructor Value error: message was deserialized, but contained an illegal value

1552158106628	mozrunner::runner	INFO	Running command: "/usr/bin/firefox" "-marionette" "-foreground" "-no-remote" "-profile" "/tmp/rust_mozprofile.GOLZLS9wwxFk"

(firefox:20652): Gtk-WARNING **: 22:01:48.275: Theme parsing error: <data>:1:34: Expected ')' in color definition

(firefox:20652): Gtk-WARNING **: 22:01:48.275: Theme parsing error: <data>:1:78: Expected ')' in color definition
1552158111639	Marionette	INFO	Listening on port 39815
1552158111671	Marionette	WARN	TLS certificate errors will be ignored for this session
1552158112737	Marionette	INFO	Stopped listening on port 39815
JavaScript error: resource://activity-stream/lib/ActivityStreamPrefs.jsm, line 29: NS_ERROR_ILLEGAL_VALUE: Component returned failure code: 0x80070057 (NS_ERROR_ILLEGAL_VALUE) [nsIPrefBranch.removeObserver]
console.error: PushService: 
  clearOriginData: Error clearing origin data:
  AbortError
console.error: PushService: 
  stateChangeProcessEnqueue: Error transitioning state
  AbortError

###!!! [Parent][DispatchAsyncMessage] Error: PBackgroundIDBFactory::Msg_PBackgroundIDBFactoryRequestConstructor Value error: message was deserialized, but contained an illegal value


###!!! [Parent][DispatchAsyncMessage] Error: PBackgroundIDBFactory::Msg_PBackgroundIDBFactoryRequestConstructor Value error: message was deserialized, but contained an illegal value

1552158373714	mozrunner::runner	INFO	Running command: "/usr/bin/firefox" "-marionette" "-foreground" "-no-remote" "-profile" "/tmp/rust_mozprofile.3Tb3U3euTJAX"

(firefox:21041): Gtk-WARNING **: 22:06:15.392: Theme parsing error: <data>:1:34: Expected ')' in color definition

(firefox:21041): Gtk-WARNING **: 22:06:15.393: Theme parsing error: <data>:1:78: Expected ')' in color definition
1552158378764	Marionette	INFO	Listening on port 37303
1552158378837	Marionette	WARN	TLS certificate errors will be ignored for this session
1552158379971	Marionette	INFO	Stopped listening on port 37303
JavaScript error: resource://activity-stream/lib/ActivityStreamPrefs.jsm, line 29: NS_ERROR_ILLEGAL_VALUE: Component returned failure code: 0x80070057 (NS_ERROR_ILLEGAL_VALUE) [nsIPrefBranch.removeObserver]
[Parent 21041, Gecko_IOThread] WARNING: pipe error (76): Connection reset by peer: file /build/firefox-w3u9A5/firefox-63.0.3+linuxmint1+tara/ipc/chromium/src/chrome/common/ipc_channel_posix.cc, line 356
[Parent 21041, Gecko_IOThread] WARNING: pipe error (93): Connection reset by peer: file /build/firefox-w3u9A5/firefox-63.0.3+linuxmint1+tara/ipc/chromium/src/chrome/common/ipc_channel_posix.cc, line 356
JavaScript error: resource://gre/modules/JSONFile.jsm, line 159: Error: Data is not ready.
console.error: PushService: 
  clearOriginData: Error clearing origin data:
  UnknownError
console.error: PushService: 
  stateChangeProcessEnqueue: Error transitioning state
  UnknownError

###!!! [Parent][DispatchAsyncMessage] Error: PBackgroundIDBFactory::Msg_PBackgroundIDBFactoryRequestConstructor Value error: message was deserialized, but contained an illegal value


###!!! [Parent][DispatchAsyncMessage] Error: PBackgroundIDBFactory::Msg_PBackgroundIDBFactoryRequestConstructor Value error: message was deserialized, but contained an illegal value

1552158393124	mozrunner::runner	INFO	Running command: "/usr/bin/firefox" "-marionette" "-foreground" "-no-remote" "-profile" "/tmp/rust_mozprofile.MoNqwC6WoAde"

(firefox:21274): Gtk-WARNING **: 22:06:34.918: Theme parsing error: <data>:1:34: Expected ')' in color definition

(firefox:21274): Gtk-WARNING **: 22:06:34.919: Theme parsing error: <data>:1:78: Expected ')' in color definition
1552158398339	Marionette	INFO	Listening on port 39087
1552158398365	Marionette	WARN	TLS certificate errors will be ignored for this session
1552158399561	Marionette	INFO	Stopped listening on port 39087
JavaScript error: resource://activity-stream/lib/ActivityStreamPrefs.jsm, line 29: NS_ERROR_ILLEGAL_VALUE: Component returned failure code: 0x80070057 (NS_ERROR_ILLEGAL_VALUE) [nsIPrefBranch.removeObserver]
[Parent 21274, Gecko_IOThread] WARNING: pipe error (68): Connection reset by peer: file /build/firefox-w3u9A5/firefox-63.0.3+linuxmint1+tara/ipc/chromium/src/chrome/common/ipc_channel_posix.cc, line 356
[Parent 21274, Gecko_IOThread] WARNING: pipe error (102): Connection reset by peer: file /build/firefox-w3u9A5/firefox-63.0.3+linuxmint1+tara/ipc/chromium/src/chrome/common/ipc_channel_posix.cc, line 356
console.error: PushService: 
  clearOriginData: Error clearing origin data:
  AbortError
console.error: PushService: 
  stateChangeProcessEnqueue: Error transitioning state
  AbortError

###!!! [Parent][DispatchAsyncMessage] Error: PBackgroundIDBFactory::Msg_PBackgroundIDBFactoryRequestConstructor Value error: message was deserialized, but contained an illegal value


###!!! [Parent][DispatchAsyncMessage] Error: PBackgroundIDBFactory::Msg_PBackgroundIDBFactoryRequestConstructor Value error: message was deserialized, but contained an illegal value

1552158528133	mozrunner::runner	INFO	Running command: "/usr/bin/firefox" "-marionette" "-foreground" "-no-remote" "-profile" "/tmp/rust_mozprofile.kObx0hSBLO5Z"

(firefox:21746): Gtk-WARNING **: 22:08:49.850: Theme parsing error: <data>:1:34: Expected ')' in color definition

(firefox:21746): Gtk-WARNING **: 22:08:49.851: Theme parsing error: <data>:1:78: Expected ')' in color definition
1552158533364	Marionette	INFO	Listening on port 33161
1552158533459	Marionette	WARN	TLS certificate errors will be ignored for this session
1552158534569	Marionette	INFO	Stopped listening on port 33161
JavaScript error: resource://activity-stream/lib/ActivityStreamPrefs.jsm, line 29: NS_ERROR_ILLEGAL_VALUE: Component returned failure code: 0x80070057 (NS_ERROR_ILLEGAL_VALUE) [nsIPrefBranch.removeObserver]
[Parent 21746, Gecko_IOThread] WARNING: pipe error (68): Connection reset by peer: file /build/firefox-w3u9A5/firefox-63.0.3+linuxmint1+tara/ipc/chromium/src/chrome/common/ipc_channel_posix.cc, line 356
[Parent 21746, Gecko_IOThread] WARNING: pipe error (88): Connection reset by peer: file /build/firefox-w3u9A5/firefox-63.0.3+linuxmint1+tara/ipc/chromium/src/chrome/common/ipc_channel_posix.cc, line 356
JavaScript error: resource://gre/modules/JSONFile.jsm, line 159: Error: Data is not ready.
console.error: PushService: 
  clearOriginData: Error clearing origin data:
  UnknownError
console.error: PushService: 
  stateChangeProcessEnqueue: Error transitioning state
  UnknownError

###!!! [Parent][DispatchAsyncMessage] Error: PBackgroundIDBFactory::Msg_PBackgroundIDBFactoryRequestConstructor Value error: message was deserialized, but contained an illegal value


###!!! [Parent][DispatchAsyncMessage] Error: PBackgroundIDBFactory::Msg_PBackgroundIDBFactoryRequestConstructor Value error: message was deserialized, but contained an illegal value

1552158669340	mozrunner::runner	INFO	Running command: "/usr/bin/firefox" "-marionette" "-foreground" "-no-remote" "-profile" "/tmp/rust_mozprofile.b3b2AJVaCxiZ"

(firefox:22088): Gtk-WARNING **: 22:11:11.041: Theme parsing error: <data>:1:34: Expected ')' in color definition

(firefox:22088): Gtk-WARNING **: 22:11:11.041: Theme parsing error: <data>:1:78: Expected ')' in color definition
1552158674530	Marionette	INFO	Listening on port 37769
1552158674573	Marionette	WARN	TLS certificate errors will be ignored for this session
1552158675799	Marionette	INFO	Stopped listening on port 37769
JavaScript error: resource://activity-stream/lib/ActivityStreamPrefs.jsm, line 29: NS_ERROR_ILLEGAL_VALUE: Component returned failure code: 0x80070057 (NS_ERROR_ILLEGAL_VALUE) [nsIPrefBranch.removeObserver]
[Parent 22088, Gecko_IOThread] WARNING: pipe error (68): Connection reset by peer: file /build/firefox-w3u9A5/firefox-63.0.3+linuxmint1+tara/ipc/chromium/src/chrome/common/ipc_channel_posix.cc, line 356
[Parent 22088, Gecko_IOThread] WARNING: pipe error (81): Connection reset by peer: file /build/firefox-w3u9A5/firefox-63.0.3+linuxmint1+tara/ipc/chromium/src/chrome/common/ipc_channel_posix.cc, line 356
console.error: PushService: 
  clearOriginData: Error clearing origin data:
  UnknownError
console.error: PushService: 
  stateChangeProcessEnqueue: Error transitioning state
  UnknownError

###!!! [Parent][DispatchAsyncMessage] Error: PBackgroundIDBFactory::Msg_PBackgroundIDBFactoryRequestConstructor Value error: message was deserialized, but contained an illegal value


###!!! [Parent][DispatchAsyncMessage] Error: PBackgroundIDBFactory::Msg_PBackgroundIDBFactoryRequestConstructor Value error: message was deserialized, but contained an illegal value

1552158714769	mozrunner::runner	INFO	Running command: "/usr/bin/firefox" "-marionette" "-foreground" "-no-remote" "-profile" "/tmp/rust_mozprofile.RAkbLwV1hqPE"

(firefox:22348): Gtk-WARNING **: 22:11:56.404: Theme parsing error: <data>:1:34: Expected ')' in color definition

(firefox:22348): Gtk-WARNING **: 22:11:56.404: Theme parsing error: <data>:1:78: Expected ')' in color definition
1552158719851	Marionette	INFO	Listening on port 34251
1552158719902	Marionette	WARN	TLS certificate errors will be ignored for this session
1552158721560	Marionette	INFO	Stopped listening on port 34251
JavaScript error: resource://activity-stream/lib/ActivityStreamPrefs.jsm, line 29: NS_ERROR_ILLEGAL_VALUE: Component returned failure code: 0x80070057 (NS_ERROR_ILLEGAL_VALUE) [nsIPrefBranch.removeObserver]
[Parent 22348, Gecko_IOThread] WARNING: pipe error (68): Connection reset by peer: file /build/firefox-w3u9A5/firefox-63.0.3+linuxmint1+tara/ipc/chromium/src/chrome/common/ipc_channel_posix.cc, line 356
[Parent 22348, Gecko_IOThread] WARNING: pipe error (93): Connection reset by peer: file /build/firefox-w3u9A5/firefox-63.0.3+linuxmint1+tara/ipc/chromium/src/chrome/common/ipc_channel_posix.cc, line 356
console.error: PushService: 
  clearOriginData: Error clearing origin data:
  UnknownError
console.error: PushService: 
  stateChangeProcessEnqueue: Error transitioning state
  UnknownError

###!!! [Parent][DispatchAsyncMessage] Error: PBackgroundIDBFactory::Msg_PBackgroundIDBFactoryRequestConstructor Value error: message was deserialized, but contained an illegal value


###!!! [Parent][DispatchAsyncMessage] Error: PBackgroundIDBFactory::Msg_PBackgroundIDBFactoryRequestConstructor Value error: message was deserialized, but contained an illegal value

1552158751451	mozrunner::runner	INFO	Running command: "/usr/bin/firefox" "-marionette" "-foreground" "-no-remote" "-profile" "/tmp/rust_mozprofile.vsBLYz0lu4p7"

(firefox:22833): Gtk-WARNING **: 22:12:36.287: Theme parsing error: <data>:1:34: Expected ')' in color definition

(firefox:22833): Gtk-WARNING **: 22:12:36.287: Theme parsing error: <data>:1:78: Expected ')' in color definition
1552158760319	Marionette	INFO	Listening on port 33925
1552158760394	Marionette	WARN	TLS certificate errors will be ignored for this session
1552158761867	Marionette	INFO	Stopped listening on port 33925
JavaScript error: resource://activity-stream/lib/ActivityStreamPrefs.jsm, line 29: NS_ERROR_ILLEGAL_VALUE: Component returned failure code: 0x80070057 (NS_ERROR_ILLEGAL_VALUE) [nsIPrefBranch.removeObserver]
JavaScript error: resource://gre/modules/JSONFile.jsm, line 159: Error: Data is not ready.
console.error: PushService: 
  clearOriginData: Error clearing origin data:
  UnknownError
console.error: PushService: 
  stateChangeProcessEnqueue: Error transitioning state
  UnknownError

###!!! [Parent][DispatchAsyncMessage] Error: PBackgroundIDBFactory::Msg_PBackgroundIDBFactoryRequestConstructor Value error: message was deserialized, but contained an illegal value


###!!! [Parent][DispatchAsyncMessage] Error: PBackgroundIDBFactory::Msg_PBackgroundIDBFactoryRequestConstructor Value error: message was deserialized, but contained an illegal value

1552158799967	mozrunner::runner	INFO	Running command: "/usr/bin/firefox" "-marionette" "-foreground" "-no-remote" "-profile" "/tmp/rust_mozprofile.p5zah9h7foAZ"

(firefox:23081): Gtk-WARNING **: 22:13:21.841: Theme parsing error: <data>:1:34: Expected ')' in color definition

(firefox:23081): Gtk-WARNING **: 22:13:21.841: Theme parsing error: <data>:1:78: Expected ')' in color definition
1552158805175	Marionette	INFO	Listening on port 39957
1552158805203	Marionette	WARN	TLS certificate errors will be ignored for this session
1552158806324	Marionette	INFO	Stopped listening on port 39957
JavaScript error: resource://activity-stream/lib/ActivityStreamPrefs.jsm, line 29: NS_ERROR_ILLEGAL_VALUE: Component returned failure code: 0x80070057 (NS_ERROR_ILLEGAL_VALUE) [nsIPrefBranch.removeObserver]
[Parent 23081, Gecko_IOThread] WARNING: pipe error (76): Connection reset by peer: file /build/firefox-w3u9A5/firefox-63.0.3+linuxmint1+tara/ipc/chromium/src/chrome/common/ipc_channel_posix.cc, line 356
[Parent 23081, Gecko_IOThread] WARNING: pipe error (82): Connection reset by peer: file /build/firefox-w3u9A5/firefox-63.0.3+linuxmint1+tara/ipc/chromium/src/chrome/common/ipc_channel_posix.cc, line 356
JavaScript error: resource://gre/modules/JSONFile.jsm, line 159: Error: Data is not ready.
console.error: PushService: 
  clearOriginData: Error clearing origin data:
  UnknownError
console.error: PushService: 
  stateChangeProcessEnqueue: Error transitioning state
  UnknownError

###!!! [Parent][DispatchAsyncMessage] Error: PBackgroundIDBFactory::Msg_PBackgroundIDBFactoryRequestConstructor Value error: message was deserialized, but contained an illegal value


###!!! [Parent][DispatchAsyncMessage] Error: PBackgroundIDBFactory::Msg_PBackgroundIDBFactoryRequestConstructor Value error: message was deserialized, but contained an illegal value

1552158829952	mozrunner::runner	INFO	Running command: "/usr/bin/firefox" "-marionette" "-foreground" "-no-remote" "-profile" "/tmp/rust_mozprofile.yDOeQLa7lNIc"

(firefox:23322): Gtk-WARNING **: 22:13:51.757: Theme parsing error: <data>:1:34: Expected ')' in color definition

(firefox:23322): Gtk-WARNING **: 22:13:51.757: Theme parsing error: <data>:1:78: Expected ')' in color definition
1552158835272	Marionette	INFO	Listening on port 45819
1552158835374	Marionette	WARN	TLS certificate errors will be ignored for this session
1552158836707	Marionette	INFO	Stopped listening on port 45819
JavaScript error: resource://activity-stream/lib/ActivityStreamPrefs.jsm, line 29: NS_ERROR_ILLEGAL_VALUE: Component returned failure code: 0x80070057 (NS_ERROR_ILLEGAL_VALUE) [nsIPrefBranch.removeObserver]
[Parent 23322, Gecko_IOThread] WARNING: pipe error (68): Connection reset by peer: file /build/firefox-w3u9A5/firefox-63.0.3+linuxmint1+tara/ipc/chromium/src/chrome/common/ipc_channel_posix.cc, line 356

###!!! [Parent][DispatchAsyncMessage] Error: PBackgroundIDBFactory::Msg_PBackgroundIDBFactoryRequestConstructor Value error: message was deserialized, but contained an illegal value


###!!! [Parent][DispatchAsyncMessage] Error: PBackgroundIDBFactory::Msg_PBackgroundIDBFactoryRequestConstructor Value error: message was deserialized, but contained an illegal value

1552158875733	mozrunner::runner	INFO	Running command: "/usr/bin/firefox" "-marionette" "-foreground" "-no-remote" "-profile" "/tmp/rust_mozprofile.wOpFt1bWUl79"

(firefox:23556): Gtk-WARNING **: 22:14:37.396: Theme parsing error: <data>:1:34: Expected ')' in color definition

(firefox:23556): Gtk-WARNING **: 22:14:37.397: Theme parsing error: <data>:1:78: Expected ')' in color definition
1552158880787	Marionette	INFO	Listening on port 38109
1552158880866	Marionette	WARN	TLS certificate errors will be ignored for this session
1552158882170	Marionette	INFO	Stopped listening on port 38109
JavaScript error: resource://activity-stream/lib/ActivityStreamPrefs.jsm, line 29: NS_ERROR_ILLEGAL_VALUE: Component returned failure code: 0x80070057 (NS_ERROR_ILLEGAL_VALUE) [nsIPrefBranch.removeObserver]
[Parent 23556, Gecko_IOThread] WARNING: pipe error (76): Connection reset by peer: file /build/firefox-w3u9A5/firefox-63.0.3+linuxmint1+tara/ipc/chromium/src/chrome/common/ipc_channel_posix.cc, line 356
console.error: PushService: 
  clearOriginData: Error clearing origin data:
  AbortError
console.error: PushService: 
  stateChangeProcessEnqueue: Error transitioning state
  AbortError

###!!! [Parent][DispatchAsyncMessage] Error: PBackgroundIDBFactory::Msg_PBackgroundIDBFactoryRequestConstructor Value error: message was deserialized, but contained an illegal value


###!!! [Parent][DispatchAsyncMessage] Error: PBackgroundIDBFactory::Msg_PBackgroundIDBFactoryRequestConstructor Value error: message was deserialized, but contained an illegal value

1552158966056	mozrunner::runner	INFO	Running command: "/usr/bin/firefox" "-marionette" "-foreground" "-no-remote" "-profile" "/tmp/rust_mozprofile.rSyXaHaOLuvY"

(firefox:24009): Gtk-WARNING **: 22:16:07.792: Theme parsing error: <data>:1:34: Expected ')' in color definition

(firefox:24009): Gtk-WARNING **: 22:16:07.792: Theme parsing error: <data>:1:78: Expected ')' in color definition
1552158976960	Marionette	INFO	Listening on port 42435
1552158977160	Marionette	WARN	TLS certificate errors will be ignored for this session
1552158979140	Marionette	INFO	Stopped listening on port 42435
JavaScript error: resource://activity-stream/lib/ActivityStreamPrefs.jsm, line 29: NS_ERROR_ILLEGAL_VALUE: Component returned failure code: 0x80070057 (NS_ERROR_ILLEGAL_VALUE) [nsIPrefBranch.removeObserver]
[Parent 24009, Gecko_IOThread] WARNING: pipe error (82): Connection reset by peer: file /build/firefox-w3u9A5/firefox-63.0.3+linuxmint1+tara/ipc/chromium/src/chrome/common/ipc_channel_posix.cc, line 356
[Parent 24009, Gecko_IOThread] WARNING: pipe error (84): Connection reset by peer: file /build/firefox-w3u9A5/firefox-63.0.3+linuxmint1+tara/ipc/chromium/src/chrome/common/ipc_channel_posix.cc, line 356

###!!! [Parent][DispatchAsyncMessage] Error: PBackgroundIDBFactory::Msg_PBackgroundIDBFactoryRequestConstructor Value error: message was deserialized, but contained an illegal value


###!!! [Parent][DispatchAsyncMessage] Error: PBackgroundIDBFactory::Msg_PBackgroundIDBFactoryRequestConstructor Value error: message was deserialized, but contained an illegal value

